# JRE version: OpenJDK Runtime Environment Corretto-17.0.10.7.1 (17.0.10+7) (build 17.0.10+7-LTS)
# Java VM: OpenJDK 64-Bit Server VM Corretto-17.0.10.7.1 (17.0.10+7-LTS, mixed mode, emulated-client, sharing, tiered, compressed oops, compressed class ptrs, g1 gc, bsd-amd64)
GC Precious Log:
 CPUs: 8 total, 8 available
 Memory: 16384M
 Large Page Support: Disabled
 NUMA Support: Disabled
 Compressed Oops: Enabled (Zero based)
 Heap Region Size: 2M
 Heap Min Capacity: 8M
 Heap Initial Capacity: 256M
 Heap Max Capacity: 4G
 Pre-touch: Disabled
 Parallel Workers: 8
 Concurrent Workers: 2
 Concurrent Refinement Workers: 8
 Periodic GC: Disabled
Heap:
 garbage-first heap   total 126976K, used 73938K [0x0000000700000000, 0x0000000800000000)
  region size 2048K, 27 young (55296K), 4 survivors (8192K)
 Metaspace       used 35630K, committed 36096K, reserved 1114112K
  class space    used 5069K, committed 5312K, reserved 1048576K
GC Heap History (15 events):
Event: 5.446 GC heap before
{Heap before GC invocations=0 (full 0):
 garbage-first heap   total 266240K, used 22428K [0x0000000700000000, 0x0000000800000000)
  region size 2048K, 11 young (22528K), 0 survivors (0K)
 Metaspace       used 7104K, committed 7296K, reserved 1114112K
  class space    used 898K, committed 1024K, reserved 1048576K
}
Event: 5.450 GC heap after
{Heap after GC invocations=1 (full 0):
 garbage-first heap   total 266240K, used 9088K [0x0000000700000000, 0x0000000800000000)
  region size 2048K, 2 young (4096K), 2 survivors (4096K)
 Metaspace       used 7104K, committed 7296K, reserved 1114112K
  class space    used 898K, committed 1024K, reserved 1048576K
}
Event: 5.723 GC heap before
{Heap before GC invocations=1 (full 0):
 garbage-first heap   total 266240K, used 31616K [0x0000000700000000, 0x0000000800000000)
  region size 2048K, 14 young (28672K), 2 survivors (4096K)
 Metaspace       used 11508K, committed 11712K, reserved 1114112K
  class space    used 1595K, committed 1664K, reserved 1048576K
}
Event: 5.726 GC heap after
{Heap after GC invocations=2 (full 0):
 garbage-first heap   total 266240K, used 11014K [0x0000000700000000, 0x0000000800000000)
  region size 2048K, 1 young (2048K), 1 survivors (2048K)
 Metaspace       used 11508K, committed 11712K, reserved 1114112K
  class space    used 1595K, committed 1664K, reserved 1048576K
}
Event: 6.050 GC heap before
{Heap before GC invocations=2 (full 0):
 garbage-first heap   total 266240K, used 105222K [0x0000000700000000, 0x0000000800000000)
  region size 2048K, 49 young (100352K), 1 survivors (2048K)
 Metaspace       used 21253K, committed 21504K, reserved 1114112K
  class space    used 2951K, committed 3072K, reserved 1048576K
}
Event: 6.057 GC heap after
{Heap after GC invocations=3 (full 0):
 garbage-first heap   total 266240K, used 18802K [0x0000000700000000, 0x0000000800000000)
  region size 2048K, 5 young (10240K), 5 survivors (10240K)
 Metaspace       used 21253K, committed 21504K, reserved 1114112K
  class space    used 2951K, committed 3072K, reserved 1048576K
}
Event: 6.413 GC heap before
{Heap before GC invocations=4 (full 0):
 garbage-first heap   total 81920K, used 55666K [0x0000000700000000, 0x0000000800000000)
  region size 2048K, 24 young (49152K), 5 survivors (10240K)
 Metaspace       used 23476K, committed 23744K, reserved 1114112K
  class space    used 3279K, committed 3392K, reserved 1048576K
}
Event: 6.419 GC heap after
{Heap after GC invocations=5 (full 0):
 garbage-first heap   total 81920K, used 21591K [0x0000000700000000, 0x0000000800000000)
  region size 2048K, 2 young (4096K), 2 survivors (4096K)
 Metaspace       used 23476K, committed 23744K, reserved 1114112K
  class space    used 3279K, committed 3392K, reserved 1048576K
}
Event: 6.440 GC heap before
{Heap before GC invocations=5 (full 0):
 garbage-first heap   total 81920K, used 23639K [0x0000000700000000, 0x0000000800000000)
  region size 2048K, 3 young (6144K), 2 survivors (4096K)
 Metaspace       used 23744K, committed 24000K, reserved 1114112K
  class space    used 3316K, committed 3392K, reserved 1048576K
}
Event: 6.444 GC heap after
{Heap after GC invocations=6 (full 0):
 garbage-first heap   total 81920K, used 22238K [0x0000000700000000, 0x0000000800000000)
  region size 2048K, 1 young (2048K), 1 survivors (2048K)
 Metaspace       used 23744K, committed 24000K, reserved 1114112K
  class space    used 3316K, committed 3392K, reserved 1048576K
}
Event: 6.670 GC heap before
{Heap before GC invocations=6 (full 0):
 garbage-first heap   total 81920K, used 50910K [0x0000000700000000, 0x0000000800000000)
  region size 2048K, 16 young (32768K), 1 survivors (2048K)
 Metaspace       used 25508K, committed 25856K, reserved 1114112K
  class space    used 3613K, committed 3776K, reserved 1048576K
}
Event: 6.673 GC heap after
{Heap after GC invocations=7 (full 0):
 garbage-first heap   total 126976K, used 23950K [0x0000000700000000, 0x0000000800000000)
  region size 2048K, 2 young (4096K), 2 survivors (4096K)
 Metaspace       used 25508K, committed 25856K, reserved 1114112K
  class space    used 3613K, committed 3776K, reserved 1048576K
}
Event: 7.243 GC heap before
{Heap before GC invocations=7 (full 0):
 garbage-first heap   total 126976K, used 87438K [0x0000000700000000, 0x0000000800000000)
  region size 2048K, 33 young (67584K), 2 survivors (4096K)
 Metaspace       used 32056K, committed 32384K, reserved 1114112K
  class space    used 4596K, committed 4736K, reserved 1048576K
}
Event: 7.247 GC heap after
{Heap after GC invocations=8 (full 0):
 garbage-first heap   total 126976K, used 27843K [0x0000000700000000, 0x0000000800000000)
  region size 2048K, 4 young (8192K), 4 survivors (8192K)
 Metaspace       used 32056K, committed 32384K, reserved 1114112K
  class space    used 4596K, committed 4736K, reserved 1048576K
}
Event: 7.598 GC heap before
{Heap before GC invocations=8 (full 0):
 garbage-first heap   total 126976K, used 72899K [0x0000000700000000, 0x0000000800000000)
  region size 2048K, 27 young (55296K), 4 survivors (8192K)
 Metaspace       used 35630K, committed 36096K, reserved 1114112K
  class space    used 5069K, committed 5312K, reserved 1048576K
}

